2024-09-20 12:23:34,767 INFO o.a.j.u.JMeterUtils: Setting Locale to en_US
2024-09-20 12:23:34,785 INFO o.a.j.JMeter: Loading user properties from: user.properties
2024-09-20 12:23:34,786 INFO o.a.j.JMeter: Loading system properties from: system.properties
2024-09-20 12:23:34,791 INFO o.a.j.JMeter: Copyright (c) 1998-2024 The Apache Software Foundation
2024-09-20 12:23:34,791 INFO o.a.j.JMeter: Version 5.6.3
2024-09-20 12:23:34,791 INFO o.a.j.JMeter: java.version=18.0.1.1
2024-09-20 12:23:34,791 INFO o.a.j.JMeter: java.vm.name=Java HotSpot(TM) 64-Bit Server VM
2024-09-20 12:23:34,791 INFO o.a.j.JMeter: os.name=Windows 10
2024-09-20 12:23:34,791 INFO o.a.j.JMeter: os.arch=amd64
2024-09-20 12:23:34,791 INFO o.a.j.JMeter: os.version=10.0
2024-09-20 12:23:34,791 INFO o.a.j.JMeter: file.encoding=UTF-8
2024-09-20 12:23:34,792 INFO o.a.j.JMeter: java.awt.headless=null
2024-09-20 12:23:34,792 INFO o.a.j.JMeter: Max memory     =4227858432
2024-09-20 12:23:34,792 INFO o.a.j.JMeter: Available Processors =8
2024-09-20 12:23:34,798 INFO o.a.j.JMeter: Default Locale=English (United States)
2024-09-20 12:23:34,798 INFO o.a.j.JMeter: JMeter  Locale=English (United States)
2024-09-20 12:23:34,798 INFO o.a.j.JMeter: JMeterHome=D:\apache-jmeter-5.6.3\apache-jmeter-5.6.3
2024-09-20 12:23:34,798 INFO o.a.j.JMeter: user.dir  =D:\apache-jmeter-5.6.3\apache-jmeter-5.6.3\bin
2024-09-20 12:23:34,798 INFO o.a.j.JMeter: PWD       =D:\apache-jmeter-5.6.3\apache-jmeter-5.6.3\bin
2024-09-20 12:23:34,800 INFO o.a.j.JMeter: IP: 10.247.0.52 Name: ChaitanyaMankar FullName: ChaitanyaMankar.stridely.local
2024-09-20 12:23:34,812 INFO o.a.j.JMeter: Loaded icon properties from org/apache/jmeter/images/icon.properties
2024-09-20 12:23:34,957 INFO o.a.j.JMeterGuiLauncher: Setting LAF to: com.github.weisj.darklaf.DarkLaf:com.github.weisj.darklaf.theme.DarculaTheme
2024-09-20 12:23:35,780 INFO o.a.j.r.ClassFinder: Will scan jar D:\apache-jmeter-5.6.3\apache-jmeter-5.6.3\lib\ext\jmeter-plugins-manager-1.10.jar with filter ExtendsClassFilter [parents=[interface org.apache.jmeter.gui.action.Command], inner=false, contains=null, notContains=null]. Consider exposing JMeter plugins via META-INF/services, and add JMeter-Skip-Class-Scanning=true manifest attribute so JMeter can skip classfile scanning
2024-09-20 12:23:35,851 INFO o.a.j.r.ClassFinder: Will scan jar D:\apache-jmeter-5.6.3\apache-jmeter-5.6.3\lib\ext\jmeter-plugins-casutg-2.10.jar with filter ExtendsClassFilter [parents=[interface org.apache.jmeter.gui.action.Command], inner=false, contains=null, notContains=null]. Consider exposing JMeter plugins via META-INF/services, and add JMeter-Skip-Class-Scanning=true manifest attribute so JMeter can skip classfile scanning
2024-09-20 12:23:35,917 INFO o.a.j.r.ClassFinder: Will scan jar D:\apache-jmeter-5.6.3\apache-jmeter-5.6.3\lib\ext\jmeter-plugins-manager-1.10.jar with filter ExtendsClassFilter [parents=[interface org.apache.jmeter.gui.plugin.MenuCreator], inner=false, contains=null, notContains=null]. Consider exposing JMeter plugins via META-INF/services, and add JMeter-Skip-Class-Scanning=true manifest attribute so JMeter can skip classfile scanning
2024-09-20 12:23:35,919 INFO o.a.j.r.ClassFinder: Will scan jar D:\apache-jmeter-5.6.3\apache-jmeter-5.6.3\lib\ext\jmeter-plugins-casutg-2.10.jar with filter ExtendsClassFilter [parents=[interface org.apache.jmeter.gui.plugin.MenuCreator], inner=false, contains=null, notContains=null]. Consider exposing JMeter plugins via META-INF/services, and add JMeter-Skip-Class-Scanning=true manifest attribute so JMeter can skip classfile scanning
2024-09-20 12:23:36,339 INFO o.j.r.JARSourceHTTP: Requesting https://jmeter-plugins.org/repo/?installID=windows_10-a58caf4d1cec84820261815ba76a94a4-gui
2024-09-20 12:23:39,514 INFO o.j.r.PluginManager: Plugins Status: [jpgc-casutg=2.10, jpgc-plugins-manager=1.10, jmeter-core=5.6.3, jmeter-ftp=5.6.3, jmeter-http=5.6.3, jmeter-jdbc=5.6.3, jmeter-jms=5.6.3, jmeter-junit=5.6.3, jmeter-java=5.6.3, jmeter-ldap=5.6.3, jmeter-mail=5.6.3, jmeter-mongodb=5.6.3, jmeter-native=5.6.3, jmeter-tcp=5.6.3, jmeter-components=5.6.3]
2024-09-20 12:23:56,545 INFO o.a.j.s.FileServer: Default base='D:\apache-jmeter-5.6.3\apache-jmeter-5.6.3\bin'
2024-09-20 12:23:56,547 INFO o.a.j.g.a.Load: Loading file: D:\apache-jmeter-5.6.3\apache-jmeter-5.6.3\bin\templates\Jpet Project.jmx
2024-09-20 12:23:56,547 INFO o.a.j.s.FileServer: Set new base='D:\apache-jmeter-5.6.3\apache-jmeter-5.6.3\bin\templates'
2024-09-20 12:23:56,694 INFO o.a.j.s.SaveService: Testplan (JMX) version: 2.2. Testlog (JTL) version: 2.2
2024-09-20 12:23:56,701 INFO o.a.j.s.SaveService: Using SaveService properties version 5.0
2024-09-20 12:23:56,702 INFO o.a.j.s.SaveService: Using SaveService properties file encoding UTF-8
2024-09-20 12:23:56,703 INFO o.a.j.s.SaveService: Loading file: D:\apache-jmeter-5.6.3\apache-jmeter-5.6.3\bin\templates\Jpet Project.jmx
2024-09-20 12:23:56,810 INFO o.a.j.p.h.c.CookieManager: Settings: Delete null: true Check: true Allow variable: true Save: false Prefix: COOKIE_
2024-09-20 12:23:56,815 INFO o.a.j.p.h.s.HTTPSamplerBase: Parser for text/html is org.apache.jmeter.protocol.http.parser.LagartoBasedHtmlParser
2024-09-20 12:23:56,816 INFO o.a.j.p.h.s.HTTPSamplerBase: Parser for application/xhtml+xml is org.apache.jmeter.protocol.http.parser.LagartoBasedHtmlParser
2024-09-20 12:23:56,816 INFO o.a.j.p.h.s.HTTPSamplerBase: Parser for application/xml is org.apache.jmeter.protocol.http.parser.LagartoBasedHtmlParser
2024-09-20 12:23:56,816 INFO o.a.j.p.h.s.HTTPSamplerBase: Parser for text/xml is org.apache.jmeter.protocol.http.parser.LagartoBasedHtmlParser
2024-09-20 12:23:56,816 INFO o.a.j.p.h.s.HTTPSamplerBase: Parser for text/vnd.wap.wml is org.apache.jmeter.protocol.http.parser.RegexpHTMLParser
2024-09-20 12:23:56,816 INFO o.a.j.p.h.s.HTTPSamplerBase: Parser for text/css is org.apache.jmeter.protocol.http.parser.CssParser
2024-09-20 12:23:56,992 INFO o.a.j.e.KeyToolUtils: keytool found at 'keytool'
2024-09-20 12:23:56,992 INFO o.a.j.p.h.p.ProxyControl: HTTP(S) Test Script Recorder SSL Proxy will use keys that support embedded 3rd party resources in file D:\apache-jmeter-5.6.3\apache-jmeter-5.6.3\bin\proxyserver.jks
2024-09-20 12:23:57,252 INFO o.a.j.s.SampleResult: Note: Sample TimeStamps are START times
2024-09-20 12:23:57,253 INFO o.a.j.s.SampleResult: sampleresult.default.encoding is set to UTF-8
2024-09-20 12:23:57,253 INFO o.a.j.s.SampleResult: sampleresult.useNanoTime=true
2024-09-20 12:23:57,253 INFO o.a.j.s.SampleResult: sampleresult.nanoThreadSleep=5000
2024-09-20 12:23:57,353 INFO o.a.j.r.ClassFinder: Will scan jar D:\apache-jmeter-5.6.3\apache-jmeter-5.6.3\lib\ext\jmeter-plugins-manager-1.10.jar with filter ExtendsClassFilter [parents=[interface org.apache.jmeter.visualizers.ResultRenderer], inner=false, contains=null, notContains=null]. Consider exposing JMeter plugins via META-INF/services, and add JMeter-Skip-Class-Scanning=true manifest attribute so JMeter can skip classfile scanning
2024-09-20 12:23:57,356 INFO o.a.j.r.ClassFinder: Will scan jar D:\apache-jmeter-5.6.3\apache-jmeter-5.6.3\lib\ext\jmeter-plugins-casutg-2.10.jar with filter ExtendsClassFilter [parents=[interface org.apache.jmeter.visualizers.ResultRenderer], inner=false, contains=null, notContains=null]. Consider exposing JMeter plugins via META-INF/services, and add JMeter-Skip-Class-Scanning=true manifest attribute so JMeter can skip classfile scanning
2024-09-20 12:23:57,371 INFO o.a.j.r.ClassFinder: Will scan jar D:\apache-jmeter-5.6.3\apache-jmeter-5.6.3\lib\ext\jmeter-plugins-manager-1.10.jar with filter ExtendsClassFilter [parents=[interface org.apache.jmeter.visualizers.RequestView], inner=false, contains=null, notContains=null]. Consider exposing JMeter plugins via META-INF/services, and add JMeter-Skip-Class-Scanning=true manifest attribute so JMeter can skip classfile scanning
2024-09-20 12:23:57,373 INFO o.a.j.r.ClassFinder: Will scan jar D:\apache-jmeter-5.6.3\apache-jmeter-5.6.3\lib\ext\jmeter-plugins-casutg-2.10.jar with filter ExtendsClassFilter [parents=[interface org.apache.jmeter.visualizers.RequestView], inner=false, contains=null, notContains=null]. Consider exposing JMeter plugins via META-INF/services, and add JMeter-Skip-Class-Scanning=true manifest attribute so JMeter can skip classfile scanning
2024-09-20 12:23:57,455 INFO o.a.j.r.ClassFinder: Will scan jar D:\apache-jmeter-5.6.3\apache-jmeter-5.6.3\lib\ext\jmeter-plugins-manager-1.10.jar with filter ExtendsClassFilter [parents=[interface org.apache.jmeter.visualizers.ResultRenderer], inner=false, contains=null, notContains=null]. Consider exposing JMeter plugins via META-INF/services, and add JMeter-Skip-Class-Scanning=true manifest attribute so JMeter can skip classfile scanning
2024-09-20 12:23:57,457 INFO o.a.j.r.ClassFinder: Will scan jar D:\apache-jmeter-5.6.3\apache-jmeter-5.6.3\lib\ext\jmeter-plugins-casutg-2.10.jar with filter ExtendsClassFilter [parents=[interface org.apache.jmeter.visualizers.ResultRenderer], inner=false, contains=null, notContains=null]. Consider exposing JMeter plugins via META-INF/services, and add JMeter-Skip-Class-Scanning=true manifest attribute so JMeter can skip classfile scanning
2024-09-20 12:23:57,467 INFO o.a.j.r.ClassFinder: Will scan jar D:\apache-jmeter-5.6.3\apache-jmeter-5.6.3\lib\ext\jmeter-plugins-manager-1.10.jar with filter ExtendsClassFilter [parents=[interface org.apache.jmeter.visualizers.RequestView], inner=false, contains=null, notContains=null]. Consider exposing JMeter plugins via META-INF/services, and add JMeter-Skip-Class-Scanning=true manifest attribute so JMeter can skip classfile scanning
2024-09-20 12:23:57,469 INFO o.a.j.r.ClassFinder: Will scan jar D:\apache-jmeter-5.6.3\apache-jmeter-5.6.3\lib\ext\jmeter-plugins-casutg-2.10.jar with filter ExtendsClassFilter [parents=[interface org.apache.jmeter.visualizers.RequestView], inner=false, contains=null, notContains=null]. Consider exposing JMeter plugins via META-INF/services, and add JMeter-Skip-Class-Scanning=true manifest attribute so JMeter can skip classfile scanning
2024-09-20 12:23:57,506 INFO o.a.j.s.FileServer: Set new base='D:\apache-jmeter-5.6.3\apache-jmeter-5.6.3\bin\templates'
2024-09-20 12:24:03,975 INFO o.a.j.e.StandardJMeterEngine: Running the test!
2024-09-20 12:24:03,976 INFO o.a.j.s.SampleEvent: List of sample_variables: []
2024-09-20 12:24:03,976 INFO o.a.j.s.SampleEvent: List of sample_variables: []
2024-09-20 12:24:03,976 INFO o.a.j.e.u.CompoundVariable: Note: Function class names must contain the string: '.functions.'
2024-09-20 12:24:03,976 INFO o.a.j.e.u.CompoundVariable: Note: Function class names must not contain the string: '.gui.'
2024-09-20 12:24:04,019 INFO o.a.j.r.ClassFinder: Will scan jar D:\apache-jmeter-5.6.3\apache-jmeter-5.6.3\lib\ext\jmeter-plugins-manager-1.10.jar with filter ExtendsClassFilter [parents=[interface org.apache.jmeter.functions.Function], inner=false, contains=null, notContains=null]. Consider exposing JMeter plugins via META-INF/services, and add JMeter-Skip-Class-Scanning=true manifest attribute so JMeter can skip classfile scanning
2024-09-20 12:24:04,021 INFO o.a.j.r.ClassFinder: Will scan jar D:\apache-jmeter-5.6.3\apache-jmeter-5.6.3\lib\ext\jmeter-plugins-casutg-2.10.jar with filter ExtendsClassFilter [parents=[interface org.apache.jmeter.functions.Function], inner=false, contains=null, notContains=null]. Consider exposing JMeter plugins via META-INF/services, and add JMeter-Skip-Class-Scanning=true manifest attribute so JMeter can skip classfile scanning
2024-09-20 12:24:04,025 INFO o.a.j.g.u.JMeterMenuBar: setRunning(true, *local*)
2024-09-20 12:24:04,062 INFO o.a.j.e.StandardJMeterEngine: Starting ThreadGroup: 1 : Scenario 3 Add to cart
2024-09-20 12:24:04,063 INFO o.a.j.e.StandardJMeterEngine: Starting 1 threads for group Scenario 3 Add to cart.
2024-09-20 12:24:04,063 INFO o.a.j.e.StandardJMeterEngine: Thread will continue on error
2024-09-20 12:24:04,063 INFO o.a.j.t.ThreadGroup: Starting thread group... number=1 threads=1 ramp-up=1 delayedStart=false
2024-09-20 12:24:04,067 INFO o.a.j.t.ThreadGroup: Started thread group number 1
2024-09-20 12:24:04,067 INFO o.a.j.e.StandardJMeterEngine: All thread groups have been started
2024-09-20 12:24:04,068 INFO o.a.j.t.JMeterThread: Thread started: Scenario 3 Add to cart 1-1
2024-09-20 12:24:04,074 INFO o.a.j.p.h.s.HTTPHCAbstractImpl: Local host = ChaitanyaMankar
2024-09-20 12:24:04,078 INFO o.a.j.p.h.s.HTTPHC4Impl: HTTP request retry count = 0
2024-09-20 12:24:04,436 INFO o.a.j.p.h.s.h.LazyLayeredConnectionSocketFactory: Setting up HTTPS TrustAll Socket Factory
2024-09-20 12:24:04,438 INFO o.a.j.u.JsseSSLManager: Using default SSL protocol: TLS
2024-09-20 12:24:04,438 INFO o.a.j.u.JsseSSLManager: SSL session context: per-thread
2024-09-20 12:24:04,574 INFO o.a.j.u.SSLManager: JmeterKeyStore Location:  type JKS
2024-09-20 12:24:04,575 INFO o.a.j.u.SSLManager: KeyStore created OK
2024-09-20 12:24:04,575 WARN o.a.j.u.SSLManager: Keystore file not found, loading empty keystore
2024-09-20 12:24:22,806 INFO o.a.j.t.JMeterThread: Thread is done: Scenario 3 Add to cart 1-1
2024-09-20 12:24:22,806 INFO o.a.j.t.JMeterThread: Thread finished: Scenario 3 Add to cart 1-1
2024-09-20 12:24:22,808 INFO o.a.j.e.StandardJMeterEngine: Notifying test listeners of end of test
2024-09-20 12:24:22,808 INFO o.a.j.g.u.JMeterMenuBar: setRunning(false, *local*)
2024-09-20 12:28:26,399 INFO o.a.j.p.h.p.ProxyControl: Valid alias found for :root_ca:
2024-09-20 12:28:26,399 INFO o.a.j.p.h.p.ProxyControl: Valid alias found for :intermediate_ca:
2024-09-20 12:28:26,421 INFO o.a.j.p.h.p.Daemon: Creating Daemon Socket on port: 8888
2024-09-20 12:28:26,422 INFO o.a.j.p.h.p.Daemon: Test Script Recorder up and running!
2024-09-20 12:28:26,596 INFO o.a.j.r.ClassFinder: Will scan jar D:\apache-jmeter-5.6.3\apache-jmeter-5.6.3\lib\ext\jmeter-plugins-manager-1.10.jar with filter ExtendsClassFilter [parents=[interface org.apache.jmeter.protocol.http.proxy.SamplerCreator], inner=false, contains=null, notContains=null]. Consider exposing JMeter plugins via META-INF/services, and add JMeter-Skip-Class-Scanning=true manifest attribute so JMeter can skip classfile scanning
2024-09-20 12:28:26,597 INFO o.a.j.r.ClassFinder: Will scan jar D:\apache-jmeter-5.6.3\apache-jmeter-5.6.3\lib\ext\jmeter-plugins-casutg-2.10.jar with filter ExtendsClassFilter [parents=[interface org.apache.jmeter.protocol.http.proxy.SamplerCreator], inner=false, contains=null, notContains=null]. Consider exposing JMeter plugins via META-INF/services, and add JMeter-Skip-Class-Scanning=true manifest attribute so JMeter can skip classfile scanning
2024-09-20 12:28:26,598 INFO o.a.j.p.h.p.Proxy: Proxy will remove the headers: If-Modified-Since,If-None-Match,Host
2024-09-20 12:28:26,636 INFO o.a.j.p.h.p.Proxy: [65285]  KeyStore for SSL loaded OK and put host 'content-signature-2.cdn.mozilla.net' in map with key (content-signature-2.cdn.mozilla.net)
2024-09-20 12:28:27,215 INFO o.a.j.p.h.p.ProxyControl: Add sample 03-1 into controller 03
2024-09-20 12:28:27,221 INFO o.a.j.p.h.p.ProxyControl: Add sample 03-2 into controller 03
2024-09-20 12:28:34,158 INFO o.a.j.p.h.p.ProxyControl: [65291]  Creating entry push.services.mozilla.com in D:\apache-jmeter-5.6.3\apache-jmeter-5.6.3\bin\proxyserver.jks
2024-09-20 12:28:36,223 INFO o.a.j.p.h.p.Proxy: [65291]  KeyStore for SSL loaded OK and put host 'push.services.mozilla.com' in map with key (push.services.mozilla.com)
2024-09-20 12:28:36,778 INFO o.a.j.p.h.p.ProxyControl: Add sample 01-3 into controller 01
2024-09-20 12:28:39,939 INFO o.a.j.p.h.p.Proxy: [65294]  KeyStore for SSL loaded OK and put host 'www.google.com' in map with key (www.google.com)
2024-09-20 12:28:41,064 INFO o.a.j.p.h.p.ProxyControl: Add sample 01-4 into controller 01
2024-09-20 12:28:42,187 INFO o.a.j.p.h.p.Proxy: [65296]  KeyStore for SSL loaded OK and put host 'petstore.octoperf.com' in map with key (petstore.octoperf.com)
2024-09-20 12:28:42,664 WARN o.a.j.p.h.p.Proxy: [65303]  Problem with SSL certificate for url  for 'petstore.octoperf.com'? Ensure browser is set to accept the JMeter proxy cert: Remote host terminated the handshake
2024-09-20 12:28:42,665 WARN o.a.j.p.h.p.Proxy: [65301]  Problem with SSL certificate for url  for 'petstore.octoperf.com'? Ensure browser is set to accept the JMeter proxy cert: Remote host terminated the handshake
2024-09-20 12:28:42,665 WARN o.a.j.p.h.p.Proxy: [65302]  Problem with SSL certificate for url  for 'petstore.octoperf.com'? Ensure browser is set to accept the JMeter proxy cert: Remote host terminated the handshake
2024-09-20 12:28:42,667 WARN o.a.j.p.h.p.Proxy: [65299]  Problem with SSL certificate for url  for 'petstore.octoperf.com'? Ensure browser is set to accept the JMeter proxy cert: Connection reset by peer
2024-09-20 12:28:42,667 WARN o.a.j.p.h.p.Proxy: [65300]  Problem with SSL certificate for url  for 'petstore.octoperf.com'? Ensure browser is set to accept the JMeter proxy cert: An established connection was aborted by the software in your host machine
2024-09-20 12:28:42,669 WARN o.a.j.p.h.p.Proxy: [65298]  Problem with SSL certificate for url  for 'petstore.octoperf.com'? Ensure browser is set to accept the JMeter proxy cert: An established connection was aborted by the software in your host machine
2024-09-20 12:28:42,717 INFO o.a.j.p.h.p.ProxyControl: Add sample 01-5 into controller 01
2024-09-20 12:28:52,076 INFO o.a.j.p.h.p.ProxyControl: Add sample 02-9 into controller 02
2024-09-20 12:28:59,013 INFO o.a.j.p.h.p.ProxyControl: Add sample 03-10 into controller 03
2024-09-20 12:29:04,294 INFO o.a.j.p.h.p.ProxyControl: Add sample 03-11 into controller 03
2024-09-20 12:29:16,874 INFO o.a.j.p.h.p.ProxyControl: Add sample 03-12 into controller 03
2024-09-20 12:29:19,513 INFO o.a.j.p.h.p.ProxyControl: Add sample 03-13 into controller 03
2024-09-20 12:29:30,126 INFO o.a.j.p.h.p.Daemon: HTTP(S) Test Script Recorder stopped
2024-09-20 12:30:00,594 INFO o.a.j.p.h.p.ProxyControl: Valid alias found for :root_ca:
2024-09-20 12:30:00,594 INFO o.a.j.p.h.p.ProxyControl: Valid alias found for :intermediate_ca:
2024-09-20 12:30:00,606 INFO o.a.j.p.h.p.Daemon: Creating Daemon Socket on port: 8888
2024-09-20 12:30:00,607 INFO o.a.j.p.h.p.Daemon: Test Script Recorder up and running!
2024-09-20 12:30:09,150 INFO o.a.j.p.h.p.ProxyControl: Add sample 03-17 into controller 03
2024-09-20 12:30:13,622 INFO o.a.j.p.h.p.ProxyControl: Add sample 03-18 into controller 03
2024-09-20 12:30:19,734 INFO o.a.j.p.h.p.ProxyControl: Add sample 03-19 into controller 03
2024-09-20 12:30:35,656 INFO o.a.j.p.h.p.ProxyControl: Add sample 03-20 into controller 03
2024-09-20 12:30:47,719 INFO o.a.j.p.h.p.ProxyControl: [65368]  Creating entry contile.services.mozilla.com in D:\apache-jmeter-5.6.3\apache-jmeter-5.6.3\bin\proxyserver.jks
2024-09-20 12:30:47,755 INFO o.a.j.p.h.p.Proxy: [65369]  KeyStore for SSL loaded OK and put host 'merino.services.mozilla.com' in map with key (merino.services.mozilla.com)
2024-09-20 12:30:48,513 INFO o.a.j.p.h.p.ProxyControl: Add sample 03-21 into controller 03
2024-09-20 12:30:49,608 INFO o.a.j.p.h.p.Proxy: [65368]  KeyStore for SSL loaded OK and put host 'contile.services.mozilla.com' in map with key (contile.services.mozilla.com)
2024-09-20 12:30:50,226 INFO o.a.j.p.h.p.ProxyControl: [65372]  Creating entry tiles-cdn.prod.ads.prod.webservices.mozgcp.net in D:\apache-jmeter-5.6.3\apache-jmeter-5.6.3\bin\proxyserver.jks
2024-09-20 12:30:50,358 INFO o.a.j.p.h.p.ProxyControl: Add sample 03-22 into controller 03
2024-09-20 12:30:52,133 INFO o.a.j.p.h.p.Proxy: [65372]  KeyStore for SSL loaded OK and put host 'tiles-cdn.prod.ads.prod.webservices.mozgcp.net' in map with key (tiles-cdn.prod.ads.prod.webservices.mozgcp.net)
2024-09-20 12:30:54,034 INFO o.a.j.p.h.p.ProxyControl: Add sample 03-24 into controller 03
2024-09-20 12:30:54,638 INFO o.a.j.p.h.p.ProxyControl: Add sample 03-25 into controller 03
2024-09-20 12:30:58,484 INFO o.a.j.p.h.p.ProxyControl: Add sample 03-26 into controller 03
2024-09-20 12:31:01,153 INFO o.a.j.p.h.p.ProxyControl: Add sample 03-27 into controller 03
2024-09-20 12:31:01,575 INFO o.a.j.p.h.p.ProxyControl: Add sample 03-28 into controller 03
2024-09-20 12:31:07,155 INFO o.a.j.p.h.p.Daemon: HTTP(S) Test Script Recorder stopped
2024-09-20 12:31:51,762 INFO o.a.j.p.h.p.ProxyControl: Valid alias found for :root_ca:
2024-09-20 12:31:51,762 INFO o.a.j.p.h.p.ProxyControl: Valid alias found for :intermediate_ca:
2024-09-20 12:31:51,775 INFO o.a.j.p.h.p.Daemon: Creating Daemon Socket on port: 8888
2024-09-20 12:31:51,776 INFO o.a.j.p.h.p.Daemon: Test Script Recorder up and running!
2024-09-20 12:32:15,599 INFO o.a.j.p.h.p.ProxyControl: Add sample 01-29 into controller 01
2024-09-20 12:32:17,092 INFO o.a.j.p.h.p.ProxyControl: [65408]  Creating entry www.gstatic.com in D:\apache-jmeter-5.6.3\apache-jmeter-5.6.3\bin\proxyserver.jks
2024-09-20 12:32:17,214 INFO o.a.j.p.h.p.ProxyControl: Add sample 01-30 into controller 01
2024-09-20 12:32:18,027 INFO o.a.j.p.h.p.ProxyControl: Add sample 01-31 into controller 01
2024-09-20 12:32:18,031 INFO o.a.j.p.h.p.ProxyControl: Add sample 01-32 into controller 01
2024-09-20 12:32:18,981 INFO o.a.j.p.h.p.Proxy: [65408]  KeyStore for SSL loaded OK and put host 'www.gstatic.com' in map with key (www.gstatic.com)
2024-09-20 12:32:20,047 INFO o.a.j.p.h.p.ProxyControl: [65411]  Creating entry www.googleadservices.com in D:\apache-jmeter-5.6.3\apache-jmeter-5.6.3\bin\proxyserver.jks
2024-09-20 12:32:20,054 INFO o.a.j.p.h.p.ProxyControl: Add sample 01-34 into controller 01
2024-09-20 12:32:20,256 INFO o.a.j.p.h.p.ProxyControl: Add sample 01-33 into controller 01
2024-09-20 12:32:20,863 INFO o.a.j.p.h.p.ProxyControl: Add sample 01-35 into controller 01
2024-09-20 12:32:21,065 INFO o.a.j.p.h.p.ProxyControl: Add sample 01-36 into controller 01
2024-09-20 12:32:21,280 INFO o.a.j.p.h.p.ProxyControl: Add sample 01-38 into controller 01
2024-09-20 12:32:21,482 INFO o.a.j.p.h.p.ProxyControl: Add sample 01-41 into controller 01
2024-09-20 12:32:21,489 INFO o.a.j.p.h.p.ProxyControl: Add sample 01-43 into controller 01
2024-09-20 12:32:21,685 INFO o.a.j.p.h.p.ProxyControl: Add sample 01-40 into controller 01
2024-09-20 12:32:21,887 INFO o.a.j.p.h.p.ProxyControl: Add sample 01-44 into controller 01
2024-09-20 12:32:22,103 INFO o.a.j.p.h.p.ProxyControl: Add sample 01-45 into controller 01
2024-09-20 12:32:22,152 INFO o.a.j.p.h.p.ProxyControl: [65447]  Creating entry ogads-pa.googleapis.com in D:\apache-jmeter-5.6.3\apache-jmeter-5.6.3\bin\proxyserver.jks
2024-09-20 12:32:22,189 INFO o.a.j.p.h.p.Proxy: [65411]  KeyStore for SSL loaded OK and put host 'www.googleadservices.com' in map with key (www.googleadservices.com)
2024-09-20 12:32:22,191 WARN o.a.j.p.h.p.Proxy: [65411]  Problem with SSL certificate for url  for 'www.googleadservices.com'? Ensure browser is set to accept the JMeter proxy cert: An established connection was aborted by the software in your host machine
2024-09-20 12:32:22,616 ERROR o.a.j.p.h.p.Proxy: 
java.net.SocketException: An established connection was aborted by the software in your host machine
	at java.base/sun.nio.ch.NioSocketImpl.implWrite(NioSocketImpl.java:417) ~[?:?]
	at java.base/sun.nio.ch.NioSocketImpl.write(NioSocketImpl.java:437) ~[?:?]
	at java.base/sun.nio.ch.NioSocketImpl$2.write(NioSocketImpl.java:823) ~[?:?]
	at java.base/java.net.Socket$SocketOutputStream.write(Socket.java:1035) ~[?:?]
	at java.base/sun.security.ssl.SSLSocketOutputRecord.deliver(SSLSocketOutputRecord.java:345) ~[?:?]
	at java.base/sun.security.ssl.SSLSocketImpl$AppOutputStream.write(SSLSocketImpl.java:1298) ~[?:?]
	at java.base/java.io.BufferedOutputStream.write(BufferedOutputStream.java:123) ~[?:?]
	at java.base/java.io.FilterOutputStream.write(FilterOutputStream.java:108) ~[?:?]
	at org.apache.jmeter.protocol.http.proxy.Proxy.writeToClient(Proxy.java:515) [ApacheJMeter_http.jar:5.6.3]
	at org.apache.jmeter.protocol.http.proxy.Proxy.run(Proxy.java:258) [ApacheJMeter_http.jar:5.6.3]
2024-09-20 12:32:22,631 ERROR o.a.j.p.h.p.Proxy: [65437]  Exception when processing sample
java.net.SocketException: An established connection was aborted by the software in your host machine
	at java.base/sun.nio.ch.NioSocketImpl.implWrite(NioSocketImpl.java:417) ~[?:?]
	at java.base/sun.nio.ch.NioSocketImpl.write(NioSocketImpl.java:437) ~[?:?]
	at java.base/sun.nio.ch.NioSocketImpl$2.write(NioSocketImpl.java:823) ~[?:?]
	at java.base/java.net.Socket$SocketOutputStream.write(Socket.java:1035) ~[?:?]
	at java.base/sun.security.ssl.SSLSocketOutputRecord.deliver(SSLSocketOutputRecord.java:345) ~[?:?]
	at java.base/sun.security.ssl.SSLSocketImpl$AppOutputStream.write(SSLSocketImpl.java:1298) ~[?:?]
	at java.base/java.io.BufferedOutputStream.write(BufferedOutputStream.java:123) ~[?:?]
	at java.base/java.io.FilterOutputStream.write(FilterOutputStream.java:108) ~[?:?]
	at org.apache.jmeter.protocol.http.proxy.Proxy.writeToClient(Proxy.java:515) ~[ApacheJMeter_http.jar:5.6.3]
	at org.apache.jmeter.protocol.http.proxy.Proxy.run(Proxy.java:258) [ApacheJMeter_http.jar:5.6.3]
2024-09-20 12:32:22,631 WARN o.a.j.p.h.p.Proxy: [65437]  Exception while writing error
java.net.SocketException: Socket is closed
	at java.base/sun.security.ssl.SSLSocketImpl.getOutputStream(SSLSocketImpl.java:1228) ~[?:?]
	at org.apache.jmeter.protocol.http.proxy.Proxy.writeErrorToClient(Proxy.java:590) [ApacheJMeter_http.jar:5.6.3]
	at org.apache.jmeter.protocol.http.proxy.Proxy.run(Proxy.java:275) [ApacheJMeter_http.jar:5.6.3]
2024-09-20 12:32:22,711 INFO o.a.j.p.h.p.ProxyControl: Add sample 01-42 into controller 01
2024-09-20 12:32:24,056 INFO o.a.j.p.h.p.ProxyControl: [65441]  Creating entry img-getpocket.cdn.mozilla.net in D:\apache-jmeter-5.6.3\apache-jmeter-5.6.3\bin\proxyserver.jks
2024-09-20 12:32:24,092 INFO o.a.j.p.h.p.Proxy: [65447]  KeyStore for SSL loaded OK and put host 'ogads-pa.googleapis.com' in map with key (ogads-pa.googleapis.com)
2024-09-20 12:32:24,095 WARN o.a.j.p.h.p.Proxy: [65447]  Problem with SSL certificate for url  for 'ogads-pa.googleapis.com'? Ensure browser is set to accept the JMeter proxy cert: An established connection was aborted by the software in your host machine
2024-09-20 12:32:24,291 INFO o.a.j.p.h.p.Daemon: HTTP(S) Test Script Recorder stopped
2024-09-20 12:32:25,949 INFO o.a.j.p.h.p.ProxyControl: [65426]  Creating entry fonts.gstatic.com in D:\apache-jmeter-5.6.3\apache-jmeter-5.6.3\bin\proxyserver.jks
2024-09-20 12:32:25,965 INFO o.a.j.p.h.p.Proxy: [65441]  KeyStore for SSL loaded OK and put host 'img-getpocket.cdn.mozilla.net' in map with key (img-getpocket.cdn.mozilla.net)
2024-09-20 12:32:27,873 INFO o.a.j.p.h.p.ProxyControl: [65425]  Creating entry incoming.telemetry.mozilla.org in D:\apache-jmeter-5.6.3\apache-jmeter-5.6.3\bin\proxyserver.jks
2024-09-20 12:32:27,919 INFO o.a.j.p.h.p.Proxy: [65426]  KeyStore for SSL loaded OK and put host 'fonts.gstatic.com' in map with key (fonts.gstatic.com)
2024-09-20 12:32:27,923 WARN o.a.j.p.h.p.Proxy: [65426]  Problem with SSL certificate for url  for 'fonts.gstatic.com'? Ensure browser is set to accept the JMeter proxy cert: An established connection was aborted by the software in your host machine
2024-09-20 12:32:29,668 INFO o.a.j.p.h.p.ProxyControl: [65417]  Creating entry id.google.com in D:\apache-jmeter-5.6.3\apache-jmeter-5.6.3\bin\proxyserver.jks
2024-09-20 12:32:29,719 INFO o.a.j.p.h.p.Proxy: [65425]  KeyStore for SSL loaded OK and put host 'incoming.telemetry.mozilla.org' in map with key (incoming.telemetry.mozilla.org)
2024-09-20 12:32:31,472 INFO o.a.j.p.h.p.ProxyControl: [65418]  Creating entry csp.withgoogle.com in D:\apache-jmeter-5.6.3\apache-jmeter-5.6.3\bin\proxyserver.jks
2024-09-20 12:32:31,530 INFO o.a.j.p.h.p.Proxy: [65417]  KeyStore for SSL loaded OK and put host 'id.google.com' in map with key (id.google.com)
2024-09-20 12:32:31,533 WARN o.a.j.p.h.p.Proxy: [65417]  Problem with SSL certificate for url  for 'id.google.com'? Ensure browser is set to accept the JMeter proxy cert: An established connection was aborted by the software in your host machine
2024-09-20 12:32:33,273 INFO o.a.j.p.h.p.Proxy: [65418]  KeyStore for SSL loaded OK and put host 'csp.withgoogle.com' in map with key (csp.withgoogle.com)
2024-09-20 12:32:33,277 WARN o.a.j.p.h.p.Proxy: [65418]  Problem with SSL certificate for url  for 'csp.withgoogle.com'? Ensure browser is set to accept the JMeter proxy cert: An established connection was aborted by the software in your host machine
2024-09-20 12:32:33,277 WARN o.a.j.p.h.p.Proxy: [65414]  Problem with SSL certificate for url  for 'fonts.gstatic.com'? Ensure browser is set to accept the JMeter proxy cert: An established connection was aborted by the software in your host machine
2024-09-20 12:32:33,277 WARN o.a.j.p.h.p.Proxy: [65415]  Problem with SSL certificate for url  for 'fonts.gstatic.com'? Ensure browser is set to accept the JMeter proxy cert: An established connection was aborted by the software in your host machine
2024-09-20 12:32:33,277 WARN o.a.j.p.h.p.Proxy: [65416]  Problem with SSL certificate for url  for 'fonts.gstatic.com'? Ensure browser is set to accept the JMeter proxy cert: An established connection was aborted by the software in your host machine
2024-09-20 12:32:42,986 INFO o.a.j.p.h.p.ProxyControl: Valid alias found for :root_ca:
2024-09-20 12:32:42,986 INFO o.a.j.p.h.p.ProxyControl: Valid alias found for :intermediate_ca:
2024-09-20 12:32:43,063 INFO o.a.j.p.h.p.Daemon: Creating Daemon Socket on port: 8888
2024-09-20 12:32:43,064 INFO o.a.j.p.h.p.Daemon: Test Script Recorder up and running!
2024-09-20 12:32:43,193 INFO o.a.j.p.h.p.ProxyControl: Add sample 01-52 into controller 01
2024-09-20 12:32:43,601 INFO o.a.j.p.h.p.ProxyControl: Add sample 01-53 into controller 01
2024-09-20 12:32:44,005 INFO o.a.j.p.h.p.ProxyControl: Add sample 01-54 into controller 01
2024-09-20 12:32:44,410 INFO o.a.j.p.h.p.ProxyControl: Add sample 01-55 into controller 01
2024-09-20 12:32:44,613 INFO o.a.j.p.h.p.ProxyControl: Add sample 01-56 into controller 01
2024-09-20 12:32:45,014 INFO o.a.j.p.h.p.ProxyControl: Add sample 01-57 into controller 01
2024-09-20 12:32:45,219 INFO o.a.j.p.h.p.ProxyControl: Add sample 01-58 into controller 01
2024-09-20 12:32:45,623 INFO o.a.j.p.h.p.ProxyControl: Add sample 01-59 into controller 01
2024-09-20 12:32:46,026 INFO o.a.j.p.h.p.ProxyControl: Add sample 01-60 into controller 01
2024-09-20 12:32:46,357 INFO o.a.j.p.h.p.ProxyControl: Add sample 01-61 into controller 01
2024-09-20 12:32:47,245 INFO o.a.j.p.h.p.ProxyControl: Add sample 01-62 into controller 01
2024-09-20 12:32:47,647 INFO o.a.j.p.h.p.ProxyControl: Add sample 01-63 into controller 01
2024-09-20 12:32:47,849 INFO o.a.j.p.h.p.ProxyControl: Add sample 01-64 into controller 01
2024-09-20 12:32:48,874 INFO o.a.j.p.h.p.ProxyControl: Add sample 01-65 into controller 01
2024-09-20 12:32:50,911 INFO o.a.j.p.h.p.ProxyControl: Add sample 01-66 into controller 01
2024-09-20 12:32:51,329 INFO o.a.j.p.h.p.ProxyControl: Add sample 01-68 into controller 01
2024-09-20 12:32:51,531 INFO o.a.j.p.h.p.ProxyControl: Add sample 01-71 into controller 01
2024-09-20 12:32:51,748 INFO o.a.j.p.h.p.ProxyControl: Add sample 01-67 into controller 01
2024-09-20 12:32:51,754 INFO o.a.j.p.h.p.ProxyControl: Add sample 01-73 into controller 01
2024-09-20 12:32:51,847 INFO o.a.j.p.h.p.ProxyControl: [49165]  Creating entry play.google.com in D:\apache-jmeter-5.6.3\apache-jmeter-5.6.3\bin\proxyserver.jks
2024-09-20 12:32:51,949 INFO o.a.j.p.h.p.ProxyControl: Add sample 01-75 into controller 01
2024-09-20 12:32:52,151 INFO o.a.j.p.h.p.ProxyControl: Add sample 01-69 into controller 01
2024-09-20 12:32:52,184 ERROR o.a.j.p.h.p.Proxy: 
java.net.SocketException: An established connection was aborted by the software in your host machine
	at java.base/sun.nio.ch.NioSocketImpl.implWrite(NioSocketImpl.java:417) ~[?:?]
	at java.base/sun.nio.ch.NioSocketImpl.write(NioSocketImpl.java:437) ~[?:?]
	at java.base/sun.nio.ch.NioSocketImpl$2.write(NioSocketImpl.java:823) ~[?:?]
	at java.base/java.net.Socket$SocketOutputStream.write(Socket.java:1035) ~[?:?]
	at java.base/sun.security.ssl.SSLSocketOutputRecord.deliver(SSLSocketOutputRecord.java:345) ~[?:?]
	at java.base/sun.security.ssl.SSLSocketImpl$AppOutputStream.write(SSLSocketImpl.java:1298) ~[?:?]
	at java.base/java.io.BufferedOutputStream.write(BufferedOutputStream.java:123) ~[?:?]
	at java.base/java.io.FilterOutputStream.write(FilterOutputStream.java:108) ~[?:?]
	at org.apache.jmeter.protocol.http.proxy.Proxy.writeToClient(Proxy.java:515) [ApacheJMeter_http.jar:5.6.3]
	at org.apache.jmeter.protocol.http.proxy.Proxy.run(Proxy.java:258) [ApacheJMeter_http.jar:5.6.3]
2024-09-20 12:32:52,184 ERROR o.a.j.p.h.p.Proxy: 
java.net.SocketException: An established connection was aborted by the software in your host machine
	at java.base/sun.nio.ch.NioSocketImpl.implWrite(NioSocketImpl.java:417) ~[?:?]
	at java.base/sun.nio.ch.NioSocketImpl.write(NioSocketImpl.java:437) ~[?:?]
	at java.base/sun.nio.ch.NioSocketImpl$2.write(NioSocketImpl.java:823) ~[?:?]
	at java.base/java.net.Socket$SocketOutputStream.write(Socket.java:1035) ~[?:?]
	at java.base/sun.security.ssl.SSLSocketOutputRecord.deliver(SSLSocketOutputRecord.java:345) ~[?:?]
	at java.base/sun.security.ssl.SSLSocketImpl$AppOutputStream.write(SSLSocketImpl.java:1298) ~[?:?]
	at java.base/java.io.BufferedOutputStream.write(BufferedOutputStream.java:123) ~[?:?]
	at java.base/java.io.FilterOutputStream.write(FilterOutputStream.java:108) ~[?:?]
	at org.apache.jmeter.protocol.http.proxy.Proxy.writeToClient(Proxy.java:515) [ApacheJMeter_http.jar:5.6.3]
	at org.apache.jmeter.protocol.http.proxy.Proxy.run(Proxy.java:258) [ApacheJMeter_http.jar:5.6.3]
2024-09-20 12:32:52,185 ERROR o.a.j.p.h.p.Proxy: [65532]  Exception when processing sample
java.net.SocketException: An established connection was aborted by the software in your host machine
	at java.base/sun.nio.ch.NioSocketImpl.implWrite(NioSocketImpl.java:417) ~[?:?]
	at java.base/sun.nio.ch.NioSocketImpl.write(NioSocketImpl.java:437) ~[?:?]
	at java.base/sun.nio.ch.NioSocketImpl$2.write(NioSocketImpl.java:823) ~[?:?]
	at java.base/java.net.Socket$SocketOutputStream.write(Socket.java:1035) ~[?:?]
	at java.base/sun.security.ssl.SSLSocketOutputRecord.deliver(SSLSocketOutputRecord.java:345) ~[?:?]
	at java.base/sun.security.ssl.SSLSocketImpl$AppOutputStream.write(SSLSocketImpl.java:1298) ~[?:?]
	at java.base/java.io.BufferedOutputStream.write(BufferedOutputStream.java:123) ~[?:?]
	at java.base/java.io.FilterOutputStream.write(FilterOutputStream.java:108) ~[?:?]
	at org.apache.jmeter.protocol.http.proxy.Proxy.writeToClient(Proxy.java:515) ~[ApacheJMeter_http.jar:5.6.3]
	at org.apache.jmeter.protocol.http.proxy.Proxy.run(Proxy.java:258) [ApacheJMeter_http.jar:5.6.3]
2024-09-20 12:32:52,185 ERROR o.a.j.p.h.p.Proxy: [65533]  Exception when processing sample
java.net.SocketException: An established connection was aborted by the software in your host machine
	at java.base/sun.nio.ch.NioSocketImpl.implWrite(NioSocketImpl.java:417) ~[?:?]
	at java.base/sun.nio.ch.NioSocketImpl.write(NioSocketImpl.java:437) ~[?:?]
	at java.base/sun.nio.ch.NioSocketImpl$2.write(NioSocketImpl.java:823) ~[?:?]
	at java.base/java.net.Socket$SocketOutputStream.write(Socket.java:1035) ~[?:?]
	at java.base/sun.security.ssl.SSLSocketOutputRecord.deliver(SSLSocketOutputRecord.java:345) ~[?:?]
	at java.base/sun.security.ssl.SSLSocketImpl$AppOutputStream.write(SSLSocketImpl.java:1298) ~[?:?]
	at java.base/java.io.BufferedOutputStream.write(BufferedOutputStream.java:123) ~[?:?]
	at java.base/java.io.FilterOutputStream.write(FilterOutputStream.java:108) ~[?:?]
	at org.apache.jmeter.protocol.http.proxy.Proxy.writeToClient(Proxy.java:515) ~[ApacheJMeter_http.jar:5.6.3]
	at org.apache.jmeter.protocol.http.proxy.Proxy.run(Proxy.java:258) [ApacheJMeter_http.jar:5.6.3]
2024-09-20 12:32:52,185 WARN o.a.j.p.h.p.Proxy: [65532]  Exception while writing error
java.net.SocketException: Socket is closed
	at java.base/sun.security.ssl.SSLSocketImpl.getOutputStream(SSLSocketImpl.java:1228) ~[?:?]
	at org.apache.jmeter.protocol.http.proxy.Proxy.writeErrorToClient(Proxy.java:590) [ApacheJMeter_http.jar:5.6.3]
	at org.apache.jmeter.protocol.http.proxy.Proxy.run(Proxy.java:275) [ApacheJMeter_http.jar:5.6.3]
2024-09-20 12:32:52,185 WARN o.a.j.p.h.p.Proxy: [65533]  Exception while writing error
java.net.SocketException: Socket is closed
	at java.base/sun.security.ssl.SSLSocketImpl.getOutputStream(SSLSocketImpl.java:1228) ~[?:?]
	at org.apache.jmeter.protocol.http.proxy.Proxy.writeErrorToClient(Proxy.java:590) [ApacheJMeter_http.jar:5.6.3]
	at org.apache.jmeter.protocol.http.proxy.Proxy.run(Proxy.java:275) [ApacheJMeter_http.jar:5.6.3]
2024-09-20 12:32:52,353 INFO o.a.j.p.h.p.ProxyControl: Add sample 01-72 into controller 01
2024-09-20 12:32:52,359 INFO o.a.j.p.h.p.ProxyControl: Add sample 01-70 into controller 01
2024-09-20 12:32:52,554 INFO o.a.j.p.h.p.ProxyControl: Add sample 01-74 into controller 01
2024-09-20 12:32:52,768 INFO o.a.j.p.h.p.ProxyControl: Add sample 01-77 into controller 01
2024-09-20 12:32:53,186 INFO o.a.j.p.h.p.ProxyControl: Add sample 01-76 into controller 01
2024-09-20 12:32:53,683 WARN o.a.j.p.h.p.Proxy: [49182]  Problem with SSL certificate for url  for 'www.google.com'? Ensure browser is set to accept the JMeter proxy cert: An established connection was aborted by the software in your host machine
2024-09-20 12:32:53,989 INFO o.a.j.p.h.p.ProxyControl: Add sample 01-79 into controller 01
2024-09-20 12:32:53,996 INFO o.a.j.p.h.p.ProxyControl: Add sample 01-80 into controller 01
2024-09-20 12:32:54,066 INFO o.a.j.p.h.p.Proxy: [49165]  KeyStore for SSL loaded OK and put host 'play.google.com' in map with key (play.google.com)
2024-09-20 12:32:54,069 WARN o.a.j.p.h.p.Proxy: [49165]  Problem with SSL certificate for url  for 'play.google.com'? Ensure browser is set to accept the JMeter proxy cert: An established connection was aborted by the software in your host machine
2024-09-20 12:32:54,091 ERROR o.a.j.p.h.p.Proxy: 
java.net.SocketException: An established connection was aborted by the software in your host machine
	at java.base/sun.nio.ch.NioSocketImpl.implWrite(NioSocketImpl.java:417) ~[?:?]
	at java.base/sun.nio.ch.NioSocketImpl.write(NioSocketImpl.java:437) ~[?:?]
	at java.base/sun.nio.ch.NioSocketImpl$2.write(NioSocketImpl.java:823) ~[?:?]
	at java.base/java.net.Socket$SocketOutputStream.write(Socket.java:1035) ~[?:?]
	at java.base/sun.security.ssl.SSLSocketOutputRecord.deliver(SSLSocketOutputRecord.java:345) ~[?:?]
	at java.base/sun.security.ssl.SSLSocketImpl$AppOutputStream.write(SSLSocketImpl.java:1298) ~[?:?]
	at java.base/java.io.BufferedOutputStream.write(BufferedOutputStream.java:123) ~[?:?]
	at java.base/java.io.FilterOutputStream.write(FilterOutputStream.java:108) ~[?:?]
	at org.apache.jmeter.protocol.http.proxy.Proxy.writeToClient(Proxy.java:515) [ApacheJMeter_http.jar:5.6.3]
	at org.apache.jmeter.protocol.http.proxy.Proxy.run(Proxy.java:258) [ApacheJMeter_http.jar:5.6.3]
2024-09-20 12:32:54,092 ERROR o.a.j.p.h.p.Proxy: [49178]  Exception when processing sample
java.net.SocketException: An established connection was aborted by the software in your host machine
	at java.base/sun.nio.ch.NioSocketImpl.implWrite(NioSocketImpl.java:417) ~[?:?]
	at java.base/sun.nio.ch.NioSocketImpl.write(NioSocketImpl.java:437) ~[?:?]
	at java.base/sun.nio.ch.NioSocketImpl$2.write(NioSocketImpl.java:823) ~[?:?]
	at java.base/java.net.Socket$SocketOutputStream.write(Socket.java:1035) ~[?:?]
	at java.base/sun.security.ssl.SSLSocketOutputRecord.deliver(SSLSocketOutputRecord.java:345) ~[?:?]
	at java.base/sun.security.ssl.SSLSocketImpl$AppOutputStream.write(SSLSocketImpl.java:1298) ~[?:?]
	at java.base/java.io.BufferedOutputStream.write(BufferedOutputStream.java:123) ~[?:?]
	at java.base/java.io.FilterOutputStream.write(FilterOutputStream.java:108) ~[?:?]
	at org.apache.jmeter.protocol.http.proxy.Proxy.writeToClient(Proxy.java:515) ~[ApacheJMeter_http.jar:5.6.3]
	at org.apache.jmeter.protocol.http.proxy.Proxy.run(Proxy.java:258) [ApacheJMeter_http.jar:5.6.3]
2024-09-20 12:32:54,092 WARN o.a.j.p.h.p.Proxy: [49178]  Exception while writing error
java.net.SocketException: Socket is closed
	at java.base/sun.security.ssl.SSLSocketImpl.getOutputStream(SSLSocketImpl.java:1228) ~[?:?]
	at org.apache.jmeter.protocol.http.proxy.Proxy.writeErrorToClient(Proxy.java:590) [ApacheJMeter_http.jar:5.6.3]
	at org.apache.jmeter.protocol.http.proxy.Proxy.run(Proxy.java:275) [ApacheJMeter_http.jar:5.6.3]
2024-09-20 12:32:54,205 INFO o.a.j.p.h.p.ProxyControl: Add sample 01-84 into controller 01
2024-09-20 12:32:54,207 ERROR o.a.j.p.h.p.Proxy: 
java.net.SocketException: An established connection was aborted by the software in your host machine
	at java.base/sun.nio.ch.NioSocketImpl.implWrite(NioSocketImpl.java:417) ~[?:?]
	at java.base/sun.nio.ch.NioSocketImpl.write(NioSocketImpl.java:437) ~[?:?]
	at java.base/sun.nio.ch.NioSocketImpl$2.write(NioSocketImpl.java:823) ~[?:?]
	at java.base/java.net.Socket$SocketOutputStream.write(Socket.java:1035) ~[?:?]
	at java.base/sun.security.ssl.SSLSocketOutputRecord.deliver(SSLSocketOutputRecord.java:345) ~[?:?]
	at java.base/sun.security.ssl.SSLSocketImpl$AppOutputStream.write(SSLSocketImpl.java:1298) ~[?:?]
	at java.base/java.io.BufferedOutputStream.write(BufferedOutputStream.java:123) ~[?:?]
	at java.base/java.io.FilterOutputStream.write(FilterOutputStream.java:108) ~[?:?]
	at org.apache.jmeter.protocol.http.proxy.Proxy.writeToClient(Proxy.java:515) [ApacheJMeter_http.jar:5.6.3]
	at org.apache.jmeter.protocol.http.proxy.Proxy.run(Proxy.java:258) [ApacheJMeter_http.jar:5.6.3]
2024-09-20 12:32:54,208 ERROR o.a.j.p.h.p.Proxy: [49174]  Exception when processing sample
java.net.SocketException: An established connection was aborted by the software in your host machine
	at java.base/sun.nio.ch.NioSocketImpl.implWrite(NioSocketImpl.java:417) ~[?:?]
	at java.base/sun.nio.ch.NioSocketImpl.write(NioSocketImpl.java:437) ~[?:?]
	at java.base/sun.nio.ch.NioSocketImpl$2.write(NioSocketImpl.java:823) ~[?:?]
	at java.base/java.net.Socket$SocketOutputStream.write(Socket.java:1035) ~[?:?]
	at java.base/sun.security.ssl.SSLSocketOutputRecord.deliver(SSLSocketOutputRecord.java:345) ~[?:?]
	at java.base/sun.security.ssl.SSLSocketImpl$AppOutputStream.write(SSLSocketImpl.java:1298) ~[?:?]
	at java.base/java.io.BufferedOutputStream.write(BufferedOutputStream.java:123) ~[?:?]
	at java.base/java.io.FilterOutputStream.write(FilterOutputStream.java:108) ~[?:?]
	at org.apache.jmeter.protocol.http.proxy.Proxy.writeToClient(Proxy.java:515) ~[ApacheJMeter_http.jar:5.6.3]
	at org.apache.jmeter.protocol.http.proxy.Proxy.run(Proxy.java:258) [ApacheJMeter_http.jar:5.6.3]
2024-09-20 12:32:54,208 WARN o.a.j.p.h.p.Proxy: [49174]  Exception while writing error
java.net.SocketException: Socket is closed
	at java.base/sun.security.ssl.SSLSocketImpl.getOutputStream(SSLSocketImpl.java:1228) ~[?:?]
	at org.apache.jmeter.protocol.http.proxy.Proxy.writeErrorToClient(Proxy.java:590) [ApacheJMeter_http.jar:5.6.3]
	at org.apache.jmeter.protocol.http.proxy.Proxy.run(Proxy.java:275) [ApacheJMeter_http.jar:5.6.3]
2024-09-20 12:32:54,210 INFO o.a.j.p.h.p.ProxyControl: Add sample 01-82 into controller 01
2024-09-20 12:32:54,214 INFO o.a.j.p.h.p.ProxyControl: Add sample 01-81 into controller 01
2024-09-20 12:32:54,607 INFO o.a.j.p.h.p.ProxyControl: Add sample 01-85 into controller 01
2024-09-20 12:32:54,611 INFO o.a.j.p.h.p.ProxyControl: Add sample 01-86 into controller 01
2024-09-20 12:32:54,614 INFO o.a.j.p.h.p.ProxyControl: Add sample 01-87 into controller 01
2024-09-20 12:32:54,616 INFO o.a.j.p.h.p.ProxyControl: Add sample 01-88 into controller 01
2024-09-20 12:32:54,621 INFO o.a.j.p.h.p.ProxyControl: Add sample 01-89 into controller 01
2024-09-20 12:32:55,209 ERROR o.a.j.p.h.p.Proxy: 
java.net.SocketException: An established connection was aborted by the software in your host machine
	at java.base/sun.nio.ch.NioSocketImpl.implWrite(NioSocketImpl.java:417) ~[?:?]
	at java.base/sun.nio.ch.NioSocketImpl.write(NioSocketImpl.java:437) ~[?:?]
	at java.base/sun.nio.ch.NioSocketImpl$2.write(NioSocketImpl.java:823) ~[?:?]
	at java.base/java.net.Socket$SocketOutputStream.write(Socket.java:1035) ~[?:?]
	at java.base/sun.security.ssl.SSLSocketOutputRecord.deliver(SSLSocketOutputRecord.java:345) ~[?:?]
	at java.base/sun.security.ssl.SSLSocketImpl$AppOutputStream.write(SSLSocketImpl.java:1298) ~[?:?]
	at java.base/java.io.BufferedOutputStream.write(BufferedOutputStream.java:123) ~[?:?]
	at java.base/java.io.FilterOutputStream.write(FilterOutputStream.java:108) ~[?:?]
	at org.apache.jmeter.protocol.http.proxy.Proxy.writeToClient(Proxy.java:515) [ApacheJMeter_http.jar:5.6.3]
	at org.apache.jmeter.protocol.http.proxy.Proxy.run(Proxy.java:258) [ApacheJMeter_http.jar:5.6.3]
2024-09-20 12:32:55,209 ERROR o.a.j.p.h.p.Proxy: [49177]  Exception when processing sample
java.net.SocketException: An established connection was aborted by the software in your host machine
	at java.base/sun.nio.ch.NioSocketImpl.implWrite(NioSocketImpl.java:417) ~[?:?]
	at java.base/sun.nio.ch.NioSocketImpl.write(NioSocketImpl.java:437) ~[?:?]
	at java.base/sun.nio.ch.NioSocketImpl$2.write(NioSocketImpl.java:823) ~[?:?]
	at java.base/java.net.Socket$SocketOutputStream.write(Socket.java:1035) ~[?:?]
	at java.base/sun.security.ssl.SSLSocketOutputRecord.deliver(SSLSocketOutputRecord.java:345) ~[?:?]
	at java.base/sun.security.ssl.SSLSocketImpl$AppOutputStream.write(SSLSocketImpl.java:1298) ~[?:?]
	at java.base/java.io.BufferedOutputStream.write(BufferedOutputStream.java:123) ~[?:?]
	at java.base/java.io.FilterOutputStream.write(FilterOutputStream.java:108) ~[?:?]
	at org.apache.jmeter.protocol.http.proxy.Proxy.writeToClient(Proxy.java:515) ~[ApacheJMeter_http.jar:5.6.3]
	at org.apache.jmeter.protocol.http.proxy.Proxy.run(Proxy.java:258) [ApacheJMeter_http.jar:5.6.3]
2024-09-20 12:32:55,210 WARN o.a.j.p.h.p.Proxy: [49177]  Exception while writing error
java.net.SocketException: Socket is closed
	at java.base/sun.security.ssl.SSLSocketImpl.getOutputStream(SSLSocketImpl.java:1228) ~[?:?]
	at org.apache.jmeter.protocol.http.proxy.Proxy.writeErrorToClient(Proxy.java:590) [ApacheJMeter_http.jar:5.6.3]
	at org.apache.jmeter.protocol.http.proxy.Proxy.run(Proxy.java:275) [ApacheJMeter_http.jar:5.6.3]
2024-09-20 12:32:55,211 INFO o.a.j.p.h.p.ProxyControl: Add sample 01-83 into controller 01
2024-09-20 12:33:02,359 INFO o.a.j.p.h.p.ProxyControl: Add sample 01-90 into controller 01
2024-09-20 12:33:10,666 INFO o.a.j.p.h.p.ProxyControl: Add sample 02-91 into controller 02
2024-09-20 12:33:11,067 INFO o.a.j.p.h.p.ProxyControl: Add sample 02-92 into controller 02
2024-09-20 12:33:13,597 INFO o.a.j.p.h.p.Daemon: HTTP(S) Test Script Recorder stopped
2024-09-20 12:34:45,812 INFO o.a.j.p.h.p.ProxyControl: Valid alias found for :root_ca:
2024-09-20 12:34:45,812 INFO o.a.j.p.h.p.ProxyControl: Valid alias found for :intermediate_ca:
2024-09-20 12:34:45,952 INFO o.a.j.p.h.p.Daemon: Creating Daemon Socket on port: 8888
2024-09-20 12:34:45,952 INFO o.a.j.p.h.p.Daemon: Test Script Recorder up and running!
2024-09-20 12:34:52,596 INFO o.a.j.p.h.p.ProxyControl: Add sample 01-93 into controller 01
2024-09-20 12:34:56,869 INFO o.a.j.p.h.p.ProxyControl: Add sample 01-94 into controller 01
2024-09-20 12:35:03,946 INFO o.a.j.p.h.p.ProxyControl: Add sample 02-95 into controller 02
2024-09-20 12:35:11,110 INFO o.a.j.p.h.p.ProxyControl: Add sample 03-96 into controller 03
2024-09-20 12:35:11,515 INFO o.a.j.p.h.p.ProxyControl: Add sample 03-97 into controller 03
2024-09-20 12:35:20,457 INFO o.a.j.p.h.p.ProxyControl: Add sample 04-98 into controller 04
2024-09-20 12:35:28,170 INFO o.a.j.p.h.p.ProxyControl: Add sample 05-99 into controller 05
2024-09-20 12:35:32,837 INFO o.a.j.p.h.p.ProxyControl: Add sample 06-100 into controller 06
2024-09-20 12:35:41,220 INFO o.a.j.p.h.p.ProxyControl: Add sample 07-101 into controller 07
2024-09-20 12:35:50,834 INFO o.a.j.p.h.p.ProxyControl: Add sample 08-102 into controller 08
2024-09-20 12:35:58,751 INFO o.a.j.p.h.p.ProxyControl: Add sample 09-103 into controller 09
2024-09-20 12:36:14,023 INFO o.a.j.p.h.p.ProxyControl: Add sample 10-104 into controller 10
2024-09-20 12:36:14,338 WARN o.a.j.p.h.p.Proxy: [49293]  Problem with SSL certificate for url  for 'petstore.octoperf.com'? Ensure browser is set to accept the JMeter proxy cert: Remote host terminated the handshake
2024-09-20 12:36:14,428 INFO o.a.j.p.h.p.ProxyControl: Add sample 10-105 into controller 10
2024-09-20 12:36:18,386 INFO o.a.j.p.h.p.Daemon: HTTP(S) Test Script Recorder stopped
2024-09-20 12:54:52,715 INFO o.a.j.e.StandardJMeterEngine: Running the test!
2024-09-20 12:54:52,715 INFO o.a.j.s.SampleEvent: List of sample_variables: []
2024-09-20 12:54:52,718 INFO o.a.j.g.u.JMeterMenuBar: setRunning(true, *local*)
2024-09-20 12:54:52,720 INFO o.a.j.e.StandardJMeterEngine: Starting ThreadGroup: 1 : Scenario 4 Checkout
2024-09-20 12:54:52,720 INFO o.a.j.e.StandardJMeterEngine: Starting 1 threads for group Scenario 4 Checkout.
2024-09-20 12:54:52,720 INFO o.a.j.e.StandardJMeterEngine: Thread will continue on error
2024-09-20 12:54:52,720 INFO o.a.j.t.ThreadGroup: Starting thread group... number=1 threads=1 ramp-up=1 delayedStart=false
2024-09-20 12:54:52,721 INFO o.a.j.t.ThreadGroup: Started thread group number 1
2024-09-20 12:54:52,721 INFO o.a.j.e.StandardJMeterEngine: All thread groups have been started
2024-09-20 12:54:52,722 INFO o.a.j.t.JMeterThread: Thread started: Scenario 4 Checkout 1-1
2024-09-20 12:54:57,988 INFO o.a.j.g.a.Start: Stopping test
2024-09-20 12:54:57,995 INFO o.a.j.t.JMeterThread: Stopping: Scenario 4 Checkout 1-1
2024-09-20 12:54:58,002 WARN o.a.j.t.JMeterThread: The delay timer was interrupted - probably did not wait as long as intended.
2024-09-20 12:54:58,002 INFO o.a.j.t.JMeterThread: Thread finished: Scenario 4 Checkout 1-1
2024-09-20 12:54:58,003 INFO o.a.j.e.StandardJMeterEngine: Notifying test listeners of end of test
2024-09-20 12:54:58,004 INFO o.a.j.g.u.JMeterMenuBar: setRunning(false, *local*)
2024-09-20 12:56:42,706 INFO o.a.j.e.StandardJMeterEngine: Running the test!
2024-09-20 12:56:42,706 INFO o.a.j.s.SampleEvent: List of sample_variables: []
2024-09-20 12:56:42,709 INFO o.a.j.g.u.JMeterMenuBar: setRunning(true, *local*)
2024-09-20 12:56:42,749 INFO o.a.j.e.StandardJMeterEngine: Starting ThreadGroup: 1 : Scenario 4 Checkout
2024-09-20 12:56:42,750 INFO o.a.j.e.StandardJMeterEngine: Starting 1 threads for group Scenario 4 Checkout.
2024-09-20 12:56:42,750 INFO o.a.j.e.StandardJMeterEngine: Thread will continue on error
2024-09-20 12:56:42,750 INFO o.a.j.t.ThreadGroup: Starting thread group... number=1 threads=1 ramp-up=1 delayedStart=false
2024-09-20 12:56:42,750 INFO o.a.j.t.ThreadGroup: Started thread group number 1
2024-09-20 12:56:42,750 INFO o.a.j.e.StandardJMeterEngine: All thread groups have been started
2024-09-20 12:56:42,751 INFO o.a.j.t.JMeterThread: Thread started: Scenario 4 Checkout 1-1
2024-09-20 12:57:07,232 INFO o.a.j.t.JMeterThread: Thread is done: Scenario 4 Checkout 1-1
2024-09-20 12:57:07,233 INFO o.a.j.t.JMeterThread: Thread finished: Scenario 4 Checkout 1-1
2024-09-20 12:57:07,233 INFO o.a.j.e.StandardJMeterEngine: Notifying test listeners of end of test
2024-09-20 12:57:07,234 INFO o.a.j.g.u.JMeterMenuBar: setRunning(false, *local*)
2024-09-20 13:02:25,187 INFO o.a.j.e.StandardJMeterEngine: Running the test!
2024-09-20 13:02:25,187 INFO o.a.j.s.SampleEvent: List of sample_variables: []
2024-09-20 13:02:25,190 INFO o.a.j.g.u.JMeterMenuBar: setRunning(true, *local*)
2024-09-20 13:02:25,233 INFO o.a.j.e.StandardJMeterEngine: Starting ThreadGroup: 1 : Scenario 1 Search
2024-09-20 13:02:25,233 INFO o.a.j.e.StandardJMeterEngine: Starting 1 threads for group Scenario 1 Search.
2024-09-20 13:02:25,233 INFO o.a.j.e.StandardJMeterEngine: Thread will continue on error
2024-09-20 13:02:25,233 INFO o.a.j.t.ThreadGroup: Starting thread group... number=1 threads=1 ramp-up=1 delayedStart=false
2024-09-20 13:02:25,234 INFO o.a.j.t.ThreadGroup: Started thread group number 1
2024-09-20 13:02:25,234 INFO o.a.j.e.StandardJMeterEngine: Starting ThreadGroup: 2 : Scenario 2 View Details
2024-09-20 13:02:25,234 INFO o.a.j.e.StandardJMeterEngine: Starting 1 threads for group Scenario 2 View Details.
2024-09-20 13:02:25,234 INFO o.a.j.e.StandardJMeterEngine: Thread will continue on error
2024-09-20 13:02:25,234 INFO o.a.j.t.ThreadGroup: Starting thread group... number=2 threads=1 ramp-up=1 delayedStart=false
2024-09-20 13:02:25,234 INFO o.a.j.t.JMeterThread: Thread started: Scenario 1 Search 1-1
2024-09-20 13:02:25,234 INFO o.a.j.t.ThreadGroup: Started thread group number 2
2024-09-20 13:02:25,234 INFO o.a.j.e.StandardJMeterEngine: Starting ThreadGroup: 3 : Scenario 3 Add to cart
2024-09-20 13:02:25,234 INFO o.a.j.e.StandardJMeterEngine: Starting 1 threads for group Scenario 3 Add to cart.
2024-09-20 13:02:25,234 INFO o.a.j.e.StandardJMeterEngine: Thread will continue on error
2024-09-20 13:02:25,235 INFO o.a.j.t.ThreadGroup: Starting thread group... number=3 threads=1 ramp-up=1 delayedStart=false
2024-09-20 13:02:25,235 INFO o.a.j.t.JMeterThread: Thread started: Scenario 2 View Details 2-1
2024-09-20 13:02:25,235 INFO o.a.j.t.ThreadGroup: Started thread group number 3
2024-09-20 13:02:25,235 INFO o.a.j.e.StandardJMeterEngine: Starting ThreadGroup: 4 : Scenario 4 Checkout
2024-09-20 13:02:25,235 INFO o.a.j.e.StandardJMeterEngine: Starting 1 threads for group Scenario 4 Checkout.
2024-09-20 13:02:25,235 INFO o.a.j.e.StandardJMeterEngine: Thread will continue on error
2024-09-20 13:02:25,235 INFO o.a.j.t.ThreadGroup: Starting thread group... number=4 threads=1 ramp-up=1 delayedStart=false
2024-09-20 13:02:25,236 INFO o.a.j.t.JMeterThread: Thread started: Scenario 3 Add to cart 3-1
2024-09-20 13:02:25,236 INFO o.a.j.t.ThreadGroup: Started thread group number 4
2024-09-20 13:02:25,236 INFO o.a.j.e.StandardJMeterEngine: All thread groups have been started
2024-09-20 13:02:25,237 INFO o.a.j.t.JMeterThread: Thread started: Scenario 4 Checkout 4-1
2024-09-20 13:02:29,221 INFO o.a.j.t.JMeterThread: Thread is done: Scenario 1 Search 1-1
2024-09-20 13:02:29,221 INFO o.a.j.t.JMeterThread: Thread finished: Scenario 1 Search 1-1
2024-09-20 13:02:33,103 INFO o.a.j.t.JMeterThread: Thread is done: Scenario 2 View Details 2-1
2024-09-20 13:02:33,103 INFO o.a.j.t.JMeterThread: Thread finished: Scenario 2 View Details 2-1
2024-09-20 13:02:44,028 INFO o.a.j.t.JMeterThread: Thread is done: Scenario 3 Add to cart 3-1
2024-09-20 13:02:44,029 INFO o.a.j.t.JMeterThread: Thread finished: Scenario 3 Add to cart 3-1
2024-09-20 13:02:50,160 INFO o.a.j.t.JMeterThread: Thread is done: Scenario 4 Checkout 4-1
2024-09-20 13:02:50,160 INFO o.a.j.t.JMeterThread: Thread finished: Scenario 4 Checkout 4-1
2024-09-20 13:02:50,161 INFO o.a.j.e.StandardJMeterEngine: Notifying test listeners of end of test
2024-09-20 13:02:50,161 INFO o.a.j.g.u.JMeterMenuBar: setRunning(false, *local*)
2024-09-20 13:05:57,299 INFO o.a.j.e.StandardJMeterEngine: Running the test!
2024-09-20 13:05:57,299 INFO o.a.j.s.SampleEvent: List of sample_variables: []
2024-09-20 13:05:57,300 INFO o.a.j.g.u.JMeterMenuBar: setRunning(true, *local*)
2024-09-20 13:05:57,340 INFO o.a.j.e.StandardJMeterEngine: Starting ThreadGroup: 1 : Scenario 1 Search
2024-09-20 13:05:57,340 INFO o.a.j.e.StandardJMeterEngine: Starting 1 threads for group Scenario 1 Search.
2024-09-20 13:05:57,340 INFO o.a.j.e.StandardJMeterEngine: Thread will continue on error
2024-09-20 13:05:57,340 INFO o.a.j.t.ThreadGroup: Starting thread group... number=1 threads=1 ramp-up=1 delayedStart=false
2024-09-20 13:05:57,340 INFO o.a.j.t.ThreadGroup: Started thread group number 1
2024-09-20 13:05:57,340 INFO o.a.j.e.StandardJMeterEngine: Starting ThreadGroup: 2 : Scenario 2 View Details
2024-09-20 13:05:57,340 INFO o.a.j.e.StandardJMeterEngine: Starting 1 threads for group Scenario 2 View Details.
2024-09-20 13:05:57,340 INFO o.a.j.e.StandardJMeterEngine: Thread will continue on error
2024-09-20 13:05:57,340 INFO o.a.j.t.ThreadGroup: Starting thread group... number=2 threads=1 ramp-up=1 delayedStart=false
2024-09-20 13:05:57,340 INFO o.a.j.t.JMeterThread: Thread started: Scenario 1 Search 1-1
2024-09-20 13:05:57,341 INFO o.a.j.t.ThreadGroup: Started thread group number 2
2024-09-20 13:05:57,341 INFO o.a.j.e.StandardJMeterEngine: Starting ThreadGroup: 3 : Scenario 3 Add to cart
2024-09-20 13:05:57,341 INFO o.a.j.e.StandardJMeterEngine: Starting 1 threads for group Scenario 3 Add to cart.
2024-09-20 13:05:57,341 INFO o.a.j.e.StandardJMeterEngine: Thread will continue on error
2024-09-20 13:05:57,341 INFO o.a.j.t.ThreadGroup: Starting thread group... number=3 threads=1 ramp-up=1 delayedStart=false
2024-09-20 13:05:57,341 INFO o.a.j.t.ThreadGroup: Started thread group number 3
2024-09-20 13:05:57,341 INFO o.a.j.t.JMeterThread: Thread started: Scenario 2 View Details 2-1
2024-09-20 13:05:57,341 INFO o.a.j.e.StandardJMeterEngine: Starting ThreadGroup: 4 : Scenario 4 Checkout
2024-09-20 13:05:57,341 INFO o.a.j.e.StandardJMeterEngine: Starting 1 threads for group Scenario 4 Checkout.
2024-09-20 13:05:57,341 INFO o.a.j.e.StandardJMeterEngine: Thread will continue on error
2024-09-20 13:05:57,341 INFO o.a.j.t.ThreadGroup: Starting thread group... number=4 threads=1 ramp-up=1 delayedStart=false
2024-09-20 13:05:57,342 INFO o.a.j.t.JMeterThread: Thread started: Scenario 3 Add to cart 3-1
2024-09-20 13:05:57,342 INFO o.a.j.t.ThreadGroup: Started thread group number 4
2024-09-20 13:05:57,342 INFO o.a.j.e.StandardJMeterEngine: All thread groups have been started
2024-09-20 13:05:57,343 INFO o.a.j.t.JMeterThread: Thread started: Scenario 4 Checkout 4-1
2024-09-20 13:06:00,975 INFO o.a.j.t.JMeterThread: Thread is done: Scenario 1 Search 1-1
2024-09-20 13:06:00,975 INFO o.a.j.t.JMeterThread: Thread finished: Scenario 1 Search 1-1
2024-09-20 13:06:04,833 INFO o.a.j.t.JMeterThread: Thread is done: Scenario 2 View Details 2-1
2024-09-20 13:06:04,833 INFO o.a.j.t.JMeterThread: Thread finished: Scenario 2 View Details 2-1
2024-09-20 13:06:15,815 INFO o.a.j.t.JMeterThread: Thread is done: Scenario 3 Add to cart 3-1
2024-09-20 13:06:15,815 INFO o.a.j.t.JMeterThread: Thread finished: Scenario 3 Add to cart 3-1
2024-09-20 13:06:21,956 INFO o.a.j.t.JMeterThread: Thread is done: Scenario 4 Checkout 4-1
2024-09-20 13:06:21,956 INFO o.a.j.t.JMeterThread: Thread finished: Scenario 4 Checkout 4-1
2024-09-20 13:06:21,957 INFO o.a.j.e.StandardJMeterEngine: Notifying test listeners of end of test
2024-09-20 13:06:21,957 INFO o.a.j.g.u.JMeterMenuBar: setRunning(false, *local*)
